<?xml version="1.0" encoding="UTF-8"?>
<!-- Generated by org.testng.reporters.JUnitXMLReporter -->
<testsuite ignored="0" hostname="DESKTOP-OKRRNLE" failures="1" tests="1" name="Check Search Flight Results List" time="0.004" errors="0" timestamp="22 Feb 2024 15:37:09 GMT">
  <testcase classname="TestCases.CheckSearchFlightResultsList" name="selectFlight" time="0.0">
    <failure type="org.testng.TestNGException" message="
Method selectFlight requires 2 parameters but 3 were supplied in the @Test annotation.">
      <![CDATA[org.testng.TestNGException: 
Method selectFlight requires 2 parameters but 3 were supplied in the @Test annotation.
... Removed 24 stack frames]]>
    </failure>
  </testcase> <!-- selectFlight -->
</testsuite> <!-- Check Search Flight Results List -->
