<?xml version="1.0" encoding="UTF-8"?>
<!-- Generated by org.testng.reporters.JUnitXMLReporter -->
<testsuite ignored="0" hostname="DESKTOP-OKRRNLE" failures="2" tests="3" name="Select Flight Class" time="4.108" errors="0" timestamp="2024-02-23T12:09:27 IST">
  <testcase classname="TestCases.CheckSearchFlightResultsList" name="checkflightsRoute" time="0.0">
    <failure type="org.testng.TestNGException" message="
Parameter &amp;apos;From&amp;apos; is required by @Test on method checkflightsRoute but has not been marked @Optional or defined
in D:\QEDGE TECHNOLOGIES\AUTOMATION TESTING\FlightBookingApp-TestNG\FlightAppTestSuite.xml">
      <![CDATA[org.testng.TestNGException: 
Parameter 'From' is required by @Test on method checkflightsRoute but has not been marked @Optional or defined
in D:\QEDGE TECHNOLOGIES\AUTOMATION TESTING\FlightBookingApp-TestNG\FlightAppTestSuite.xml
at java.base/java.util.ArrayList.forEach(ArrayList.java:1511)
... Removed 26 stack frames]]>
    </failure>
  </testcase> <!-- checkflightsRoute -->
  <testcase classname="TestCases.CheckSearchFlightResultsList" name="selectFlight" time="0.0">
    <failure type="org.testng.TestNGException" message="
Parameter &amp;apos;m&amp;apos; is required by @Test on method selectFlight but has not been marked @Optional or defined
in D:\QEDGE TECHNOLOGIES\AUTOMATION TESTING\FlightBookingApp-TestNG\FlightAppTestSuite.xml">
      <![CDATA[org.testng.TestNGException: 
Parameter 'm' is required by @Test on method selectFlight but has not been marked @Optional or defined
in D:\QEDGE TECHNOLOGIES\AUTOMATION TESTING\FlightBookingApp-TestNG\FlightAppTestSuite.xml
at java.base/java.util.ArrayList.forEach(ArrayList.java:1511)
... Removed 26 stack frames]]>
    </failure>
  </testcase> <!-- selectFlight -->
  <testcase classname="TestCases.CheckSearchFlightResultsList" name="selectFlightClass" time="2.156"/>
</testsuite> <!-- Select Flight Class -->
